[2022-04-14T09:35:14.096] [DEBUG] cheese - login => username:书中枫叶,password:123456
[2022-04-14T09:35:14.096] [ERROR] cheese - {}
[2022-04-14T09:36:24.685] [DEBUG] cheese - login => username:书中枫叶,password:123456
[2022-04-14T09:36:24.687] [ERROR] cheese - {}
[2022-04-14T09:36:45.740] [DEBUG] cheese - login => username:周义,password:123456
[2022-04-14T09:37:03.936] [DEBUG] cheese - login => username:周义,password:123456
[2022-04-14T09:37:57.978] [DEBUG] cheese - login => username:周义,password:123456
[2022-04-14T09:38:00.134] [DEBUG] cheese - login => username:周义,password:123456
[2022-04-14T09:38:47.766] [DEBUG] cheese - login => username:周义,password:12345
[2022-04-14T09:39:57.614] [DEBUG] cheese - login => username:周义,password:12345
[2022-04-14T09:40:18.803] [DEBUG] cheese - login => username:周义,password:12345
[2022-04-14T09:42:02.435] [DEBUG] cheese - login => username:周义,password:12345
[2022-04-14T09:42:11.007] [DEBUG] cheese - login => username:周义,password:123456
[2022-04-14T09:42:30.331] [DEBUG] cheese - login => username:周义,password:Vchs0bbdk2pr/Ac6DsHruw==
[2022-04-14T09:43:11.419] [DEBUG] cheese - login => username:周义,password:Vchs0bbdk2pr/Ac6DsHruw==
[2022-04-14T09:44:08.629] [DEBUG] cheese - login => username:周义,password:Vchs0bbdk2pr/Ac6DsHruw==
[2022-04-14T09:44:08.630] [ERROR] cheese - {}
[2022-04-14T09:44:25.812] [DEBUG] cheese - login => username:周义,password:Vchs0bbdk2pr/Ac6DsHruw==
[2022-04-14T09:44:25.813] [ERROR] cheese - {}
[2022-04-14T09:44:50.431] [DEBUG] cheese - login => username:admin,password:Vchs0bbdk2pr/Ac6DsHruw==
[2022-04-14T09:59:20.061] [DEBUG] cheese - POST /api/private/users/create *** 参数：{"username":"admin","password":"123456","nickName":"书中枫叶"}; 响应：{"data":{"id":"a41e4de8-1ee0-4e1e-93a4-e3052e057f60","username":"admin","password":"Vchs0bbdk2pr/Ac6DsHruw==","nickName":"书中枫叶","updatedAt":"2022-04-14T01:59:20.008Z","createdAt":"2022-04-14T01:59:20.008Z"},"code":200,"message":"创建成功！"}
[2022-04-14T10:00:12.443] [DEBUG] cheese - login => username:admin,password:Vchs0bbdk2pr/Ac6DsHruw==
[2022-04-14T10:04:00.236] [DEBUG] cheese - POST /api/private/users/create *** 参数：{"username":"admin","password":"123456","nickName":"书中枫叶"}; 响应：{"data":{"id":"827a48e5-ca56-45b6-ba31-d87563a78a1f","username":"admin","password":"Vchs0bbdk2pr/Ac6DsHruw==","nickName":"书中枫叶","updatedAt":"2022-04-14T02:04:00.220Z","createdAt":"2022-04-14T02:04:00.220Z"},"code":200,"message":"创建成功！"}
[2022-04-14T10:04:00.238] [ERROR] cheese - {"code":"ERR_HTTP_HEADERS_SENT"}
[2022-04-14T10:04:00.238] [DEBUG] cheese - POST /api/private/users/create *** 参数：{"username":"admin","password":"123456","nickName":"书中枫叶"}; 响应：{"data":{"code":"ERR_HTTP_HEADERS_SENT"},"code":500,"message":"创建失败!"}
[2022-04-14T10:04:38.040] [DEBUG] cheese - POST /api/private/users/create *** 参数：{"username":"admin","password":"123456","nickName":"书中枫叶"}; 响应：{"data":{"id":"ad74e492-fa99-4333-bf40-1a2b494bc0f1","username":"admin","password":"Vchs0bbdk2pr/Ac6DsHruw==","nickName":"书中枫叶","updatedAt":"2022-04-14T02:04:37.987Z","createdAt":"2022-04-14T02:04:37.987Z"},"code":200,"message":"创建成功！"}
[2022-04-14T10:04:38.042] [ERROR] cheese - {"code":"ERR_HTTP_HEADERS_SENT"}
[2022-04-14T10:04:38.042] [DEBUG] cheese - POST /api/private/users/create *** 参数：{"username":"admin","password":"123456","nickName":"书中枫叶"}; 响应：{"data":{"code":"ERR_HTTP_HEADERS_SENT"},"code":500,"message":"创建失败!"}
[2022-04-14T10:04:45.663] [DEBUG] cheese - POST /api/private/users/create *** 参数：{"username":"admin1","password":"123456","nickName":"书中枫叶"}; 响应：{"data":{"id":"afbb7c4b-3e56-4f60-aea8-6c34726149c7","username":"admin1","password":"Vchs0bbdk2pr/Ac6DsHruw==","nickName":"书中枫叶","updatedAt":"2022-04-14T02:04:45.619Z","createdAt":"2022-04-14T02:04:45.619Z"},"code":200,"message":"创建成功！"}
[2022-04-14T10:04:45.664] [ERROR] cheese - {"code":"ERR_HTTP_HEADERS_SENT"}
[2022-04-14T10:04:45.664] [DEBUG] cheese - POST /api/private/users/create *** 参数：{"username":"admin1","password":"123456","nickName":"书中枫叶"}; 响应：{"data":{"code":"ERR_HTTP_HEADERS_SENT"},"code":500,"message":"创建失败!"}
[2022-04-14T10:04:50.620] [DEBUG] cheese - POST /api/private/users/create *** 参数：{"username":"admin","password":"123456","nickName":"书中枫叶"}; 响应：{"data":{"id":"7e42e740-c4f9-4555-935d-44f275a8f4cf","username":"admin","password":"Vchs0bbdk2pr/Ac6DsHruw==","nickName":"书中枫叶","updatedAt":"2022-04-14T02:04:50.579Z","createdAt":"2022-04-14T02:04:50.579Z"},"code":200,"message":"创建成功！"}
[2022-04-14T10:04:50.621] [ERROR] cheese - {"code":"ERR_HTTP_HEADERS_SENT"}
[2022-04-14T10:04:50.621] [DEBUG] cheese - POST /api/private/users/create *** 参数：{"username":"admin","password":"123456","nickName":"书中枫叶"}; 响应：{"data":{"code":"ERR_HTTP_HEADERS_SENT"},"code":500,"message":"创建失败!"}
[2022-04-14T10:05:37.786] [DEBUG] cheese - POST /api/private/users/create *** 参数：{"username":"admin1","password":"123456","nickName":"书中枫叶"}; 响应：{"data":{"id":"d274eb16-3a93-491c-8936-5cb402e65b18","username":"admin1","password":"Vchs0bbdk2pr/Ac6DsHruw==","nickName":"书中枫叶","updatedAt":"2022-04-14T02:05:37.740Z","createdAt":"2022-04-14T02:05:37.740Z"},"code":200,"message":"创建成功！"}
[2022-04-14T10:05:45.018] [DEBUG] cheese - POST /api/private/users/create *** 参数：{"username":"admin","password":"123456","nickName":"书中枫叶"}; 响应：{"data":{"id":"71fbcd84-4422-419e-858d-eba19409a138","username":"admin","password":"Vchs0bbdk2pr/Ac6DsHruw==","nickName":"书中枫叶","updatedAt":"2022-04-14T02:05:44.977Z","createdAt":"2022-04-14T02:05:44.977Z"},"code":200,"message":"创建成功！"}
[2022-04-14T10:06:37.842] [DEBUG] cheese - POST /api/private/users/create *** 参数：{"username":"admin","password":"123456","nickName":"书中枫叶"}; 响应：{"data":{"id":"88f41125-d01d-4c45-b9c5-bbda32a78c54","username":"admin","password":"Vchs0bbdk2pr/Ac6DsHruw==","nickName":"书中枫叶","updatedAt":"2022-04-14T02:06:37.795Z","createdAt":"2022-04-14T02:06:37.795Z"},"code":200,"message":"创建成功！"}
[2022-04-14T10:07:14.330] [DEBUG] cheese - POST /api/private/users/create *** 参数：{"username":"admin","password":"123456","nickName":"书中枫叶"}; 响应：{"data":{"id":"3d85547a-b8ff-4f19-9676-a5d7b1df06be","username":"admin","password":"Vchs0bbdk2pr/Ac6DsHruw==","nickName":"书中枫叶","updatedAt":"2022-04-14T02:07:14.323Z","createdAt":"2022-04-14T02:07:14.323Z"},"code":200,"message":"创建成功！"}
[2022-04-14T10:09:02.316] [DEBUG] cheese - POST /api/private/users/create *** 参数：{"username":"admin1","password":"123456","nickName":"书中枫叶"}; 响应：{"data":{"id":"371a3df1-7f75-4330-b869-02b68a4bd7c0","username":"admin1","password":"Vchs0bbdk2pr/Ac6DsHruw==","nickName":"书中枫叶","updatedAt":"2022-04-14T02:09:02.270Z","createdAt":"2022-04-14T02:09:02.270Z"},"code":200,"message":"创建成功！"}
[2022-04-14T10:18:14.173] [DEBUG] cheese - POST /api/private/users/create *** 参数：{"username":"admin","password":"123456","nickName":"书中枫叶"}; 响应：{"data":{"id":"4d483220-775f-410b-9434-c92ed630eb1f","username":"admin","password":"Vchs0bbdk2pr/Ac6DsHruw==","nickName":"书中枫叶","updatedAt":"2022-04-14T02:18:14.127Z","createdAt":"2022-04-14T02:18:14.127Z"},"code":200,"message":"创建成功！"}
[2022-04-14T10:23:57.463] [DEBUG] cheese - POST /api/private/users/create *** 参数：{"username":"admin1","password":"123456","nickName":"书中枫叶"}; 响应：{"data":{"id":"4900b514-06af-4102-87f2-b4fc1d94f387","username":"admin1","password":"Vchs0bbdk2pr/Ac6DsHruw==","nickName":"书中枫叶","updatedAt":"2022-04-14T02:23:57.417Z","createdAt":"2022-04-14T02:23:57.417Z"},"code":200,"message":"创建成功！"}
